<?xml version="1.0" encoding="UTF-8"?>
<robot generator="Robot 4.1.2 (Python 3.9.6 on win32)" generated="20211123 07:33:14.153" rpa="false" schemaversion="2">
<suite id="s1" name="Sample" source="E:\beyondhr-robot\tests\sample.robot">
<test id="s1-t1" name="Test: Sample Test To Check The Functionalities">
<kw name="Setup" library="base_keywords" type="SETUP">
<doc>Opening https://test.beyondhr.cloud in chrome and maximizing window</doc>
<kw name="Open Browser" library="SeleniumLibrary">
<arg>${url}</arg>
<arg>${browser}</arg>
<doc>Opens a new browser instance to the optional ``url``.</doc>
<msg timestamp="20211123 07:33:14.560" level="INFO">Opening browser 'chrome' to base url 'https://test.beyondhr.cloud'.</msg>
<status status="PASS" starttime="20211123 07:33:14.560" endtime="20211123 07:33:25.037"/>
</kw>
<kw name="Maximize Browser Window" library="SeleniumLibrary">
<doc>Maximizes current browser window.</doc>
<status status="PASS" starttime="20211123 07:33:25.037" endtime="20211123 07:33:25.157"/>
</kw>
<status status="PASS" starttime="20211123 07:33:14.560" endtime="20211123 07:33:25.158"/>
</kw>
<kw name="Login Test">
<kw name="Login into the application" library="base_keywords">
<doc>Logging into the application with USERNAME: admin@admin.com and PASSWORD: testadmin</doc>
<kw name="Wait Until Element Is Visible" library="SeleniumLibrary">
<arg>${signin_btn}</arg>
<doc>Waits until the element ``locator`` is visible.</doc>
<status status="PASS" starttime="20211123 07:33:25.160" endtime="20211123 07:33:27.547"/>
</kw>
<kw name="Input Text" library="SeleniumLibrary">
<arg>${username_field}</arg>
<arg>${username}</arg>
<doc>Types the given ``text`` into the text field identified by ``locator``.</doc>
<msg timestamp="20211123 07:33:27.547" level="INFO">Typing text 'admin@admin.com' into text field '//*[@id="m_login"]/div[2]/div/div[2]/form/div[1]/input'.</msg>
<status status="PASS" starttime="20211123 07:33:27.547" endtime="20211123 07:33:27.717"/>
</kw>
<kw name="Input Text" library="SeleniumLibrary">
<arg>${password_field}</arg>
<arg>${password}</arg>
<doc>Types the given ``text`` into the text field identified by ``locator``.</doc>
<msg timestamp="20211123 07:33:27.718" level="INFO">Typing text 'testadmin' into text field '//*[@id="m_login"]/div[2]/div/div[2]/form/div[2]/input'.</msg>
<status status="PASS" starttime="20211123 07:33:27.717" endtime="20211123 07:33:27.834"/>
</kw>
<kw name="Click Button" library="SeleniumLibrary">
<arg>${signin_btn}</arg>
<doc>Clicks the button identified by ``locator``.</doc>
<msg timestamp="20211123 07:33:27.835" level="INFO">Clicking button '//*[@id="m_login_signin_submit"]'.</msg>
<status status="PASS" starttime="20211123 07:33:27.835" endtime="20211123 07:33:27.916"/>
</kw>
<kw name="Wait Until Element Is Visible" library="SeleniumLibrary">
<arg>${dashboard_logo}</arg>
<doc>Waits until the element ``locator`` is visible.</doc>
<status status="PASS" starttime="20211123 07:33:27.916" endtime="20211123 07:33:31.558"/>
</kw>
<status status="PASS" starttime="20211123 07:33:25.160" endtime="20211123 07:33:31.558"/>
</kw>
<status status="PASS" starttime="20211123 07:33:25.159" endtime="20211123 07:33:31.558"/>
</kw>
<kw name="Teardown" library="base_keywords" type="TEARDOWN">
<doc>Quitting the driver and closing the browser</doc>
<kw name="Close Browser" library="SeleniumLibrary">
<doc>Closes the current browser.</doc>
<status status="PASS" starttime="20211123 07:33:31.558" endtime="20211123 07:33:33.789"/>
</kw>
<status status="PASS" starttime="20211123 07:33:31.558" endtime="20211123 07:33:33.789"/>
</kw>
<status status="PASS" starttime="20211123 07:33:14.560" endtime="20211123 07:33:33.789"/>
</test>
<status status="PASS" starttime="20211123 07:33:14.153" endtime="20211123 07:33:33.789"/>
</suite>
<statistics>
<total>
<stat pass="1" fail="0" skip="0">All Tests</stat>
</total>
<tag>
</tag>
<suite>
<stat pass="1" fail="0" skip="0" id="s1" name="Sample">Sample</stat>
</suite>
</statistics>
<errors>
</errors>
</robot>
